2018-01-27 00:06:22.331 DEBUG inthubss-sri --- [nio-8080-exec-1] c.i.e.s.MonitoringEventService           : Performing findByGlobalTransactionId
2018-01-27 00:06:52.300 DEBUG inthubss-sri --- [nio-8080-exec-2] c.i.e.c.MonitoringEventController        : Request received @/events/count
2018-01-27 00:06:52.300 DEBUG inthubss-sri --- [nio-8080-exec-2] c.i.e.s.MonitoringEventService           : Performing count
2018-01-27 00:06:52.598 DEBUG inthubss-sri --- [nio-8080-exec-2] c.i.e.s.MonitoringEventService           : count = 127280
2018-01-27 00:18:50.867 DEBUG inthubss-sri --- [io-8080-exec-10] c.i.e.c.MonitoringEventController        : Request received @/events/count
2018-01-27 00:18:50.868 DEBUG inthubss-sri --- [io-8080-exec-10] c.i.e.s.MonitoringEventService           : Performing count
2018-01-27 00:18:53.294 DEBUG inthubss-sri --- [io-8080-exec-10] c.i.e.s.MonitoringEventService           : count = 127280
2018-01-27 00:18:59.843 DEBUG inthubss-sri --- [nio-8080-exec-9] c.i.e.c.MonitoringEventController        : Request received @/events/txnIdGlobal/{txnIdGlobalValue}
2018-01-27 00:18:59.843 DEBUG inthubss-sri --- [nio-8080-exec-9] c.i.e.s.MonitoringEventService           : Performing findByGlobalTransactionId
2018-01-27 00:19:03.124 DEBUG inthubss-sri --- [nio-8080-exec-8] c.i.e.c.MonitoringEventController        : Request received @/events/txnIdParent/{txnIdParentValue}
2018-01-27 00:19:03.124 DEBUG inthubss-sri --- [nio-8080-exec-8] c.i.e.s.MonitoringEventService           : Performing findByParentTransactionId
2018-01-27 00:19:11.576 DEBUG inthubss-sri --- [nio-8080-exec-7] c.i.e.c.MonitoringEventController        : Request received @/events/appName/{appNameValue}
2018-01-27 00:19:11.576 DEBUG inthubss-sri --- [nio-8080-exec-7] c.i.e.s.MonitoringEventService           : Performing findByApplicationName
2018-01-27 00:20:52.247 DEBUG inthubss-sri --- [nio-8080-exec-5] c.i.e.c.MonitoringEventController        : Request received @/events/appName/{appNameValue}
2018-01-27 00:20:52.247 DEBUG inthubss-sri --- [nio-8080-exec-5] c.i.e.s.MonitoringEventService           : Performing findByApplicationName
2018-01-27 00:21:21.729 DEBUG inthubss-sri --- [nio-8080-exec-4] c.i.e.c.MonitoringEventController        : Request received @/events/msgFlowName/like/{msgFlowNameValue}
2018-01-27 00:21:21.729 DEBUG inthubss-sri --- [nio-8080-exec-4] c.i.e.s.MonitoringEventService           : Performing findByMsgFlowNameLike
2018-01-27 00:22:28.713 DEBUG inthubss-sri --- [nio-8080-exec-1] c.i.e.c.MonitoringEventController        : Request received @/events/msgFlowName/like/{msgFlowNameValue}
2018-01-27 00:22:28.713 DEBUG inthubss-sri --- [nio-8080-exec-1] c.i.e.s.MonitoringEventService           : Performing findByMsgFlowNameLike
2018-01-27 11:12:35.643 DEBUG inthubss-sri --- [nio-8080-exec-5] c.i.e.c.MonitoringEventController        : Request received @/events/txnIdLocal/{txnIdLocalValue}
2018-01-27 11:12:35.662 DEBUG inthubss-sri --- [nio-8080-exec-5] c.i.e.s.MonitoringEventService           : Performing findByLocalTransactionId
2018-01-27 11:13:56.362 DEBUG inthubss-sri --- [nio-8080-exec-4] c.i.e.c.MonitoringEventController        : Request received @/events/txnIdGlobal/{txnIdGlobalValue}
2018-01-27 11:13:56.362 DEBUG inthubss-sri --- [nio-8080-exec-4] c.i.e.s.MonitoringEventService           : Performing findByGlobalTransactionId
2018-01-27 11:15:50.436 DEBUG inthubss-sri --- [nio-8080-exec-6] c.i.e.c.MonitoringEventController        : Request received @/events/txnIdGlobal/{txnIdGlobalValue}
2018-01-27 11:15:50.438 DEBUG inthubss-sri --- [nio-8080-exec-6] c.i.e.s.MonitoringEventService           : Performing findByGlobalTransactionId
2018-01-27 11:16:49.647 DEBUG inthubss-sri --- [nio-8080-exec-7] c.i.e.c.MonitoringEventController        : Request received @/events/page/{pageNumber}/{pageSize}
2018-01-27 11:16:49.650 DEBUG inthubss-sri --- [nio-8080-exec-7] c.i.e.s.MonitoringEventService           : Performing findAll@Pageable
2018-01-27 11:17:13.091 DEBUG inthubss-sri --- [nio-8080-exec-9] c.i.e.c.MonitoringEventController        : Request received @/events/page/{pageNumber}/{pageSize}
2018-01-27 11:17:13.092 DEBUG inthubss-sri --- [nio-8080-exec-9] c.i.e.s.MonitoringEventService           : Performing findAll@Pageable
2018-01-27 11:17:36.693 DEBUG inthubss-sri --- [nio-8080-exec-6] c.i.e.c.MonitoringEventController        : Request received @/events/txnIdGlobal/{txnIdGlobalValue}
2018-01-27 11:17:36.693 DEBUG inthubss-sri --- [nio-8080-exec-6] c.i.e.s.MonitoringEventService           : Performing findByGlobalTransactionId
2018-01-27 13:30:38.507 DEBUG inthubss-sri --- [nio-8080-exec-9] c.i.e.c.MonitoringEventController        : Request received @/events/page/{pageNumber}/{pageSize}
2018-01-27 13:30:38.511 DEBUG inthubss-sri --- [nio-8080-exec-9] c.i.e.s.MonitoringEventService           : Performing findAll@Pageable
2018-01-27 13:49:31.369 DEBUG inthubss-sri --- [nio-8080-exec-9] c.i.e.c.MonitoringEventController        : Request received @/events/count
2018-01-27 13:49:31.371 DEBUG inthubss-sri --- [nio-8080-exec-9] c.i.e.s.MonitoringEventService           : Performing count
2018-01-27 13:49:33.858 DEBUG inthubss-sri --- [nio-8080-exec-9] c.i.e.s.MonitoringEventService           : count = 127280
2018-01-27 13:49:44.776 DEBUG inthubss-sri --- [io-8080-exec-10] c.i.e.c.MonitoringEventController        : Request received @/events/page/{pageNumber}/{pageSize}
2018-01-27 13:49:44.778 DEBUG inthubss-sri --- [io-8080-exec-10] c.i.e.s.MonitoringEventService           : Performing findAll@Pageable
2018-01-27 13:49:54.697 DEBUG inthubss-sri --- [nio-8080-exec-1] c.i.e.c.MonitoringEventController        : Request received @/events/page/{pageNumber}/{pageSize}
2018-01-27 13:49:54.697 DEBUG inthubss-sri --- [nio-8080-exec-1] c.i.e.s.MonitoringEventService           : Performing findAll@Pageable
2018-01-27 13:50:16.012 DEBUG inthubss-sri --- [nio-8080-exec-4] c.i.e.c.MonitoringEventController        : Request received @/events/txnIdGlobal/{txnIdGlobalValue}
2018-01-27 13:50:16.012 DEBUG inthubss-sri --- [nio-8080-exec-4] c.i.e.s.MonitoringEventService           : Performing findByGlobalTransactionId
2018-01-27 13:52:19.622 DEBUG inthubss-sri --- [nio-8080-exec-9] c.i.e.c.MonitoringEventController        : Request received @/events/txnIdParent/{txnIdParentValue}
2018-01-27 13:52:19.623 DEBUG inthubss-sri --- [nio-8080-exec-9] c.i.e.s.MonitoringEventService           : Performing findByParentTransactionId
2018-01-27 13:52:32.874 DEBUG inthubss-sri --- [io-8080-exec-10] c.i.e.c.MonitoringEventController        : Request received @/events/txnIdParent/{txnIdParentValue}
2018-01-27 13:52:32.874 DEBUG inthubss-sri --- [io-8080-exec-10] c.i.e.s.MonitoringEventService           : Performing findByParentTransactionId
2018-01-27 13:52:36.145 DEBUG inthubss-sri --- [nio-8080-exec-6] c.i.e.c.MonitoringEventController        : Request received @/events/txnIdParent/{txnIdParentValue}
2018-01-27 13:52:36.145 DEBUG inthubss-sri --- [nio-8080-exec-6] c.i.e.s.MonitoringEventService           : Performing findByParentTransactionId
2018-01-27 13:52:38.401 DEBUG inthubss-sri --- [nio-8080-exec-3] c.i.e.c.MonitoringEventController        : Request received @/events/txnIdParent/{txnIdParentValue}
2018-01-27 13:52:38.401 DEBUG inthubss-sri --- [nio-8080-exec-3] c.i.e.s.MonitoringEventService           : Performing findByParentTransactionId
2018-01-27 13:52:55.309 DEBUG inthubss-sri --- [nio-8080-exec-2] c.i.e.c.MonitoringEventController        : Request received @/events/txnIdParent/{txnIdParentValue}
2018-01-27 13:52:55.309 DEBUG inthubss-sri --- [nio-8080-exec-2] c.i.e.s.MonitoringEventService           : Performing findByParentTransactionId
2018-01-27 13:57:12.050 DEBUG inthubss-sri --- [nio-8080-exec-2] c.i.e.c.MonitoringEventController        : Request received @/events/count
2018-01-27 13:57:12.051 DEBUG inthubss-sri --- [nio-8080-exec-2] c.i.e.s.MonitoringEventService           : Performing count
2018-01-27 13:57:14.822 DEBUG inthubss-sri --- [nio-8080-exec-2] c.i.e.s.MonitoringEventService           : count = 127280
2018-01-27 14:02:20.596 DEBUG inthubss-sri --- [io-8080-exec-10] c.i.e.c.MonitoringEventController        : Request received @/events/count
2018-01-27 14:02:20.601 DEBUG inthubss-sri --- [io-8080-exec-10] c.i.e.s.MonitoringEventService           : Performing count
2018-01-27 14:02:22.991 DEBUG inthubss-sri --- [io-8080-exec-10] c.i.e.s.MonitoringEventService           : count = 127280
2018-01-27 14:02:24.736 DEBUG inthubss-sri --- [nio-8080-exec-6] c.i.e.c.MonitoringEventController        : Request received @/events/allErrors
2018-01-27 14:02:24.736 DEBUG inthubss-sri --- [nio-8080-exec-6] c.i.e.s.MonitoringEventService           : Performing findAllErrors
2018-01-27 14:05:07.592 DEBUG inthubss-sri --- [nio-8080-exec-9] c.i.e.c.MonitoringEventController        : Request received @/events/allErrors
2018-01-27 14:05:07.595 DEBUG inthubss-sri --- [nio-8080-exec-9] c.i.e.s.MonitoringEventService           : Performing findAllErrors
2018-01-27 14:07:29.546 DEBUG inthubss-sri --- [nio-8080-exec-1] c.i.e.c.MonitoringEventController        : Request received @/events/allErrors
2018-01-27 14:07:29.549 DEBUG inthubss-sri --- [nio-8080-exec-1] c.i.e.s.MonitoringEventService           : Performing findAllErrors
2018-01-27 14:07:35.847 DEBUG inthubss-sri --- [nio-8080-exec-4] c.i.e.c.MonitoringEventController        : Request received @/events/allErrors
2018-01-27 14:07:35.847 DEBUG inthubss-sri --- [nio-8080-exec-4] c.i.e.s.MonitoringEventService           : Performing findAllErrors
2018-01-27 14:10:06.867 DEBUG inthubss-sri --- [nio-8080-exec-3] c.i.e.c.MonitoringEventController        : Request received @/events/allErrors
2018-01-27 14:10:06.867 DEBUG inthubss-sri --- [nio-8080-exec-3] c.i.e.s.MonitoringEventService           : Performing findAllErrors
2018-01-27 14:10:14.698 DEBUG inthubss-sri --- [nio-8080-exec-2] c.i.e.c.MonitoringEventController        : Request received @/events/count
2018-01-27 14:10:14.698 DEBUG inthubss-sri --- [nio-8080-exec-2] c.i.e.s.MonitoringEventService           : Performing count
2018-01-27 14:10:15.263 DEBUG inthubss-sri --- [nio-8080-exec-2] c.i.e.s.MonitoringEventService           : count = 127280
2018-01-27 14:10:21.101 DEBUG inthubss-sri --- [nio-8080-exec-1] c.i.e.c.MonitoringEventController        : Request received @/events/errorCode/{errorCodeValue}
2018-01-27 14:10:21.101 DEBUG inthubss-sri --- [nio-8080-exec-1] c.i.e.s.MonitoringEventService           : Performing findByErrorCode
2018-01-27 14:16:49.244 DEBUG inthubss-sri --- [nio-8080-exec-5] c.i.e.c.MonitoringEventController        : Request received @/events/errorCode/{errorCodeValue}
2018-01-27 14:16:49.245 DEBUG inthubss-sri --- [nio-8080-exec-5] c.i.e.s.MonitoringEventService           : Performing findByErrorCode
2018-01-27 14:27:09.766 DEBUG inthubss-sri --- [nio-8080-exec-1] c.i.e.c.MonitoringEventController        : Request received @/events/errorCode/{errorCodeValue}
2018-01-27 14:27:09.770 DEBUG inthubss-sri --- [nio-8080-exec-1] c.i.e.s.MonitoringEventService           : Performing findByErrorCode
2018-01-27 14:27:24.730 DEBUG inthubss-sri --- [nio-8080-exec-6] c.i.e.c.MonitoringEventController        : Request received @/events/allErrors
2018-01-27 14:27:24.730 DEBUG inthubss-sri --- [nio-8080-exec-6] c.i.e.s.MonitoringEventService           : Performing findAllErrors
2018-01-27 14:27:33.761 DEBUG inthubss-sri --- [nio-8080-exec-7] c.i.e.c.MonitoringEventController        : Request received @/events/count
2018-01-27 14:27:33.762 DEBUG inthubss-sri --- [nio-8080-exec-7] c.i.e.s.MonitoringEventService           : Performing count
2018-01-27 14:27:34.064 DEBUG inthubss-sri --- [nio-8080-exec-7] c.i.e.s.MonitoringEventService           : count = 127280
2018-01-27 14:27:50.827 DEBUG inthubss-sri --- [nio-8080-exec-5] c.i.e.c.MonitoringEventController        : Request received @/events/txnIdGlobal/like/{txnIdGlobalValue}
2018-01-27 14:27:50.827 DEBUG inthubss-sri --- [nio-8080-exec-5] c.i.e.s.MonitoringEventService           : Performing findByGlobalTransactionIdLike
2018-01-27 14:27:54.597 DEBUG inthubss-sri --- [nio-8080-exec-4] c.i.e.c.MonitoringEventController        : Request received @/events/txnIdGlobal/like/{txnIdGlobalValue}
2018-01-27 14:27:54.597 DEBUG inthubss-sri --- [nio-8080-exec-4] c.i.e.s.MonitoringEventService           : Performing findByGlobalTransactionIdLike
2018-01-27 14:28:11.560 DEBUG inthubss-sri --- [nio-8080-exec-3] c.i.e.c.MonitoringEventController        : Request received @/events/txnIdGlobal/like/{txnIdGlobalValue}
2018-01-27 14:28:11.560 DEBUG inthubss-sri --- [nio-8080-exec-3] c.i.e.s.MonitoringEventService           : Performing findByGlobalTransactionIdLike
2018-01-27 14:28:15.796 DEBUG inthubss-sri --- [nio-8080-exec-1] c.i.e.c.MonitoringEventController        : Request received @/events/txnIdGlobal/like/{txnIdGlobalValue}
2018-01-27 14:28:15.796 DEBUG inthubss-sri --- [nio-8080-exec-1] c.i.e.s.MonitoringEventService           : Performing findByGlobalTransactionIdLike
2018-01-27 14:28:34.074 DEBUG inthubss-sri --- [nio-8080-exec-6] c.i.e.c.MonitoringEventController        : Request received @/events/txnIdGlobal/like/{txnIdGlobalValue}
2018-01-27 14:28:34.074 DEBUG inthubss-sri --- [nio-8080-exec-6] c.i.e.s.MonitoringEventService           : Performing findByGlobalTransactionIdLike
2018-01-27 14:28:41.008 DEBUG inthubss-sri --- [nio-8080-exec-7] c.i.e.c.MonitoringEventController        : Request received @/events/txnIdGlobal/like/{txnIdGlobalValue}
2018-01-27 14:28:41.008 DEBUG inthubss-sri --- [nio-8080-exec-7] c.i.e.s.MonitoringEventService           : Performing findByGlobalTransactionIdLike
2018-01-27 14:29:12.777 DEBUG inthubss-sri --- [nio-8080-exec-2] c.i.e.c.MonitoringEventController        : Request received @/events/txnIdGlobal/like/{txnIdGlobalValue}
2018-01-27 14:29:12.777 DEBUG inthubss-sri --- [nio-8080-exec-2] c.i.e.s.MonitoringEventService           : Performing findByGlobalTransactionIdLike
2018-01-27 14:29:36.002 DEBUG inthubss-sri --- [nio-8080-exec-9] c.i.e.c.MonitoringEventController        : Request received @/events/txnIdParent/{txnIdGlobalValue}
2018-01-27 14:29:36.002 DEBUG inthubss-sri --- [nio-8080-exec-9] c.i.e.s.MonitoringEventService           : Performing findByGlobalTransactionId
2018-01-27 14:29:40.915 DEBUG inthubss-sri --- [nio-8080-exec-8] c.i.e.c.MonitoringEventController        : Request received @/events/txnIdParent/{txnIdGlobalValue}
2018-01-27 14:29:40.915 DEBUG inthubss-sri --- [nio-8080-exec-8] c.i.e.s.MonitoringEventService           : Performing findByGlobalTransactionId
2018-01-27 14:29:58.362 DEBUG inthubss-sri --- [io-8080-exec-10] c.i.e.c.MonitoringEventController        : Request received @/events/txnIdParent/{txnIdParentValue}
2018-01-27 14:29:58.362 DEBUG inthubss-sri --- [io-8080-exec-10] c.i.e.s.MonitoringEventService           : Performing findByGlobalTransactionId
2018-01-27 14:30:05.295 DEBUG inthubss-sri --- [nio-8080-exec-5] c.i.e.c.MonitoringEventController        : Request received @/events/txnIdParent/{txnIdParentValue}
2018-01-27 14:30:05.295 DEBUG inthubss-sri --- [nio-8080-exec-5] c.i.e.s.MonitoringEventService           : Performing findByGlobalTransactionId
2018-01-27 14:30:41.551 DEBUG inthubss-sri --- [nio-8080-exec-4] c.i.e.c.MonitoringEventController        : Request received @/events/txnIdParent/{txnIdParentValue}
2018-01-27 14:30:41.551 DEBUG inthubss-sri --- [nio-8080-exec-4] c.i.e.s.MonitoringEventService           : Performing findByGlobalTransactionId
2018-01-27 14:32:09.517 DEBUG inthubss-sri --- [io-8080-exec-10] c.i.e.c.MonitoringEventController        : Request received @/events/txnIdParent/{txnIdParentValue}
2018-01-27 14:32:09.521 DEBUG inthubss-sri --- [io-8080-exec-10] c.i.e.s.MonitoringEventService           : Performing findByParentTransactionId
2018-01-27 14:32:32.152 DEBUG inthubss-sri --- [nio-8080-exec-9] c.i.e.c.MonitoringEventController        : Request received @/events/txnIdParent/like/{txnIdParentValue}
2018-01-27 14:32:32.152 DEBUG inthubss-sri --- [nio-8080-exec-9] c.i.e.s.MonitoringEventService           : Performing findByParentTransactionIdLike
2018-01-27 14:32:39.309 DEBUG inthubss-sri --- [nio-8080-exec-8] c.i.e.c.MonitoringEventController        : Request received @/events/txnIdParent/like/{txnIdParentValue}
2018-01-27 14:32:39.309 DEBUG inthubss-sri --- [nio-8080-exec-8] c.i.e.s.MonitoringEventService           : Performing findByParentTransactionIdLike
2018-01-27 14:32:43.406 DEBUG inthubss-sri --- [nio-8080-exec-7] c.i.e.c.MonitoringEventController        : Request received @/events/txnIdParent/like/{txnIdParentValue}
2018-01-27 14:32:43.406 DEBUG inthubss-sri --- [nio-8080-exec-7] c.i.e.s.MonitoringEventService           : Performing findByParentTransactionIdLike
2018-01-27 14:32:58.655 DEBUG inthubss-sri --- [nio-8080-exec-6] c.i.e.c.MonitoringEventController        : Request received @/events/txnIdParent/{txnIdParentValue}
2018-01-27 14:32:58.655 DEBUG inthubss-sri --- [nio-8080-exec-6] c.i.e.s.MonitoringEventService           : Performing findByParentTransactionId
2018-01-27 14:33:00.753 DEBUG inthubss-sri --- [nio-8080-exec-5] c.i.e.c.MonitoringEventController        : Request received @/events/txnIdParent/{txnIdParentValue}
2018-01-27 14:33:00.754 DEBUG inthubss-sri --- [nio-8080-exec-5] c.i.e.s.MonitoringEventService           : Performing findByParentTransactionId
2018-01-27 14:33:10.484 DEBUG inthubss-sri --- [nio-8080-exec-4] c.i.e.c.MonitoringEventController        : Request received @/events/txnIdParent/{txnIdParentValue}
2018-01-27 14:33:10.484 DEBUG inthubss-sri --- [nio-8080-exec-4] c.i.e.s.MonitoringEventService           : Performing findByParentTransactionId
2018-01-27 14:33:18.913 DEBUG inthubss-sri --- [nio-8080-exec-3] c.i.e.c.MonitoringEventController        : Request received @/events/txnIdParent/{txnIdParentValue}
2018-01-27 14:33:18.913 DEBUG inthubss-sri --- [nio-8080-exec-3] c.i.e.s.MonitoringEventService           : Performing findByParentTransactionId
2018-01-27 14:33:32.984 DEBUG inthubss-sri --- [nio-8080-exec-2] c.i.e.c.MonitoringEventController        : Request received @/events/txnIdLocal/{txnIdLocalValue}
2018-01-27 14:33:32.984 DEBUG inthubss-sri --- [nio-8080-exec-2] c.i.e.s.MonitoringEventService           : Performing findByLocalTransactionId
2018-01-27 14:33:43.269 DEBUG inthubss-sri --- [nio-8080-exec-1] c.i.e.c.MonitoringEventController        : Request received @/events/txnIdLocal/{txnIdLocalValue}
2018-01-27 14:33:43.269 DEBUG inthubss-sri --- [nio-8080-exec-1] c.i.e.s.MonitoringEventService           : Performing findByLocalTransactionId
2018-01-27 14:33:49.801 DEBUG inthubss-sri --- [io-8080-exec-10] c.i.e.c.MonitoringEventController        : Request received @/events/txnIdParent/{txnIdParentValue}
2018-01-27 14:33:49.801 DEBUG inthubss-sri --- [io-8080-exec-10] c.i.e.s.MonitoringEventService           : Performing findByParentTransactionId
2018-01-27 14:34:13.455 DEBUG inthubss-sri --- [nio-8080-exec-9] c.i.e.c.MonitoringEventController        : Request received @/events/txnIdGlobal/like/{txnIdGlobalValue}
2018-01-27 14:34:13.455 DEBUG inthubss-sri --- [nio-8080-exec-9] c.i.e.s.MonitoringEventService           : Performing findByGlobalTransactionIdLike
2018-01-27 14:34:25.239 DEBUG inthubss-sri --- [nio-8080-exec-8] c.i.e.c.MonitoringEventController        : Request received @/events/txnIdLocal/{txnIdLocalValue}
2018-01-27 14:34:25.239 DEBUG inthubss-sri --- [nio-8080-exec-8] c.i.e.s.MonitoringEventService           : Performing findByLocalTransactionId
2018-01-27 14:34:36.934 DEBUG inthubss-sri --- [nio-8080-exec-7] c.i.e.c.MonitoringEventController        : Request received @/events/txnIdLocal/like/{txnIdLocalValue}
2018-01-27 14:34:36.934 DEBUG inthubss-sri --- [nio-8080-exec-7] c.i.e.s.MonitoringEventService           : Performing findByLocalTransactionIdLike
2018-01-27 14:34:42.983 DEBUG inthubss-sri --- [nio-8080-exec-6] c.i.e.c.MonitoringEventController        : Request received @/events/txnIdLocal/like/{txnIdLocalValue}
2018-01-27 14:34:42.983 DEBUG inthubss-sri --- [nio-8080-exec-6] c.i.e.s.MonitoringEventService           : Performing findByLocalTransactionIdLike
2018-01-27 14:34:50.685 DEBUG inthubss-sri --- [nio-8080-exec-5] c.i.e.c.MonitoringEventController        : Request received @/events/txnIdLocal/{txnIdLocalValue}
2018-01-27 14:34:50.685 DEBUG inthubss-sri --- [nio-8080-exec-5] c.i.e.s.MonitoringEventService           : Performing findByLocalTransactionId
2018-01-27 14:37:02.626 DEBUG inthubss-sri --- [io-8080-exec-10] c.i.e.c.MonitoringEventController        : Request received @/events/txnIdLocal/{txnIdLocalValue}
2018-01-27 14:37:02.626 DEBUG inthubss-sri --- [io-8080-exec-10] c.i.e.s.MonitoringEventService           : Performing findByLocalTransactionId
2018-01-27 14:37:18.784 DEBUG inthubss-sri --- [nio-8080-exec-9] c.i.e.c.MonitoringEventController        : Request received @/events/txnIdLocal/{txnIdLocalValue}
2018-01-27 14:37:18.784 DEBUG inthubss-sri --- [nio-8080-exec-9] c.i.e.s.MonitoringEventService           : Performing findByLocalTransactionId
2018-01-27 14:37:25.958 DEBUG inthubss-sri --- [nio-8080-exec-8] c.i.e.c.MonitoringEventController        : Request received @/events/txnIdLocal/like/{txnIdLocalValue}
2018-01-27 14:37:25.958 DEBUG inthubss-sri --- [nio-8080-exec-8] c.i.e.s.MonitoringEventService           : Performing findByLocalTransactionIdLike
2018-01-27 14:37:29.507 DEBUG inthubss-sri --- [nio-8080-exec-7] c.i.e.c.MonitoringEventController        : Request received @/events/txnIdLocal/like/{txnIdLocalValue}
2018-01-27 14:37:29.507 DEBUG inthubss-sri --- [nio-8080-exec-7] c.i.e.s.MonitoringEventService           : Performing findByLocalTransactionIdLike
2018-01-27 14:37:41.087 DEBUG inthubss-sri --- [nio-8080-exec-6] c.i.e.c.MonitoringEventController        : Request received @/events/txnIdLocal/like/{txnIdLocalValue}
2018-01-27 14:37:41.087 DEBUG inthubss-sri --- [nio-8080-exec-6] c.i.e.s.MonitoringEventService           : Performing findByLocalTransactionIdLike
2018-01-27 14:38:05.788 DEBUG inthubss-sri --- [nio-8080-exec-5] c.i.e.c.MonitoringEventController        : Request received @/events/txnIdLocal/like/{txnIdLocalValue}
2018-01-27 14:38:05.788 DEBUG inthubss-sri --- [nio-8080-exec-5] c.i.e.s.MonitoringEventService           : Performing findByLocalTransactionIdLike
2018-01-27 14:38:19.352 DEBUG inthubss-sri --- [nio-8080-exec-4] c.i.e.c.MonitoringEventController        : Request received @/events/destinationApp/{destinationAppValue}
2018-01-27 14:38:19.352 DEBUG inthubss-sri --- [nio-8080-exec-4] c.i.e.s.MonitoringEventService           : Performing findByDestinationAppInfo
2018-01-27 14:39:15.568 DEBUG inthubss-sri --- [nio-8080-exec-3] c.i.e.c.MonitoringEventController        : Request received @/events/sourceApp/{sourceAppValue}
2018-01-27 14:39:15.568 DEBUG inthubss-sri --- [nio-8080-exec-3] c.i.e.s.MonitoringEventService           : Performing findBySourceAppInfo
2018-01-27 14:39:21.927 DEBUG inthubss-sri --- [nio-8080-exec-2] c.i.e.c.MonitoringEventController        : Request received @/events/sourceApp/{sourceAppValue}
2018-01-27 14:39:21.927 DEBUG inthubss-sri --- [nio-8080-exec-2] c.i.e.s.MonitoringEventService           : Performing findBySourceAppInfo
2018-01-27 14:39:45.887 DEBUG inthubss-sri --- [nio-8080-exec-1] c.i.e.c.MonitoringEventController        : Request received @/events/sourceApp/{sourceAppValue}
2018-01-27 14:39:45.887 DEBUG inthubss-sri --- [nio-8080-exec-1] c.i.e.s.MonitoringEventService           : Performing findBySourceAppInfo
2018-01-27 14:40:25.671 DEBUG inthubss-sri --- [io-8080-exec-10] c.i.e.c.MonitoringEventController        : Request received @/events/appName/{appNameValue}
2018-01-27 14:40:25.671 DEBUG inthubss-sri --- [io-8080-exec-10] c.i.e.s.MonitoringEventService           : Performing findByApplicationName
2018-01-27 14:40:38.930 DEBUG inthubss-sri --- [nio-8080-exec-9] c.i.e.c.MonitoringEventController        : Request received @/events/appName/{appNameValue}
2018-01-27 14:40:38.930 DEBUG inthubss-sri --- [nio-8080-exec-9] c.i.e.s.MonitoringEventService           : Performing findByApplicationName
2018-01-27 14:40:45.239 DEBUG inthubss-sri --- [nio-8080-exec-8] c.i.e.c.MonitoringEventController        : Request received @/events/appName/like/{appNameValue}
2018-01-27 14:40:45.239 DEBUG inthubss-sri --- [nio-8080-exec-8] c.i.e.s.MonitoringEventService           : Performing findByApplicationNameLike
2018-01-27 14:41:15.541 DEBUG inthubss-sri --- [nio-8080-exec-7] c.i.e.c.MonitoringEventController        : Request received @/events/msgFlowName/{msgFlowNameValue}/
2018-01-27 14:41:15.541 DEBUG inthubss-sri --- [nio-8080-exec-7] c.i.e.s.MonitoringEventService           : Performing findByMsgFlowName
2018-01-27 14:41:34.931 DEBUG inthubss-sri --- [nio-8080-exec-6] c.i.e.c.MonitoringEventController        : Request received @/events/msgFlowName/{msgFlowNameValue}/
2018-01-27 14:41:34.931 DEBUG inthubss-sri --- [nio-8080-exec-6] c.i.e.s.MonitoringEventService           : Performing findByMsgFlowName
2018-01-27 14:41:40.742 DEBUG inthubss-sri --- [nio-8080-exec-5] c.i.e.c.MonitoringEventController        : Request received @/events/msgFlowName/{msgFlowNameValue}/
2018-01-27 14:41:40.742 DEBUG inthubss-sri --- [nio-8080-exec-5] c.i.e.s.MonitoringEventService           : Performing findByMsgFlowName
2018-01-27 14:41:48.665 DEBUG inthubss-sri --- [nio-8080-exec-4] c.i.e.c.MonitoringEventController        : Request received @/events/msgFlowName/{msgFlowNameValue}/
2018-01-27 14:41:48.665 DEBUG inthubss-sri --- [nio-8080-exec-4] c.i.e.s.MonitoringEventService           : Performing findByMsgFlowName
2018-01-27 14:41:58.341 DEBUG inthubss-sri --- [nio-8080-exec-3] c.i.e.c.MonitoringEventController        : Request received @/events/msgFlowName/like/{msgFlowNameValue}
2018-01-27 14:41:58.341 DEBUG inthubss-sri --- [nio-8080-exec-3] c.i.e.s.MonitoringEventService           : Performing findByMsgFlowNameLike
2018-01-27 14:42:09.717 DEBUG inthubss-sri --- [nio-8080-exec-2] c.i.e.c.MonitoringEventController        : Request received @/events/msgFlowName/like/{msgFlowNameValue}
2018-01-27 14:42:09.717 DEBUG inthubss-sri --- [nio-8080-exec-2] c.i.e.s.MonitoringEventService           : Performing findByMsgFlowNameLike
2018-01-27 14:42:20.413 DEBUG inthubss-sri --- [nio-8080-exec-1] c.i.e.c.MonitoringEventController        : Request received @/events/msgFlowName/like/{msgFlowNameValue}
2018-01-27 14:42:20.413 DEBUG inthubss-sri --- [nio-8080-exec-1] c.i.e.s.MonitoringEventService           : Performing findByMsgFlowNameLike
2018-01-27 14:42:32.281 DEBUG inthubss-sri --- [io-8080-exec-10] c.i.e.c.MonitoringEventController        : Request received @/events/msgFlowName/like/{msgFlowNameValue}
2018-01-27 14:42:32.281 DEBUG inthubss-sri --- [io-8080-exec-10] c.i.e.s.MonitoringEventService           : Performing findByMsgFlowNameLike
2018-01-27 14:42:40.163 DEBUG inthubss-sri --- [nio-8080-exec-9] c.i.e.c.MonitoringEventController        : Request received @/events/msgFlowName/like/{msgFlowNameValue}
2018-01-27 14:42:40.163 DEBUG inthubss-sri --- [nio-8080-exec-9] c.i.e.s.MonitoringEventService           : Performing findByMsgFlowNameLike
2018-01-27 14:42:56.417 DEBUG inthubss-sri --- [nio-8080-exec-8] c.i.e.c.MonitoringEventController        : Request received @/events/msgFlowName/like/{msgFlowNameValue}
2018-01-27 14:42:56.417 DEBUG inthubss-sri --- [nio-8080-exec-8] c.i.e.s.MonitoringEventService           : Performing findByMsgFlowNameLike
2018-01-27 14:43:12.581 DEBUG inthubss-sri --- [nio-8080-exec-7] c.i.e.c.MonitoringEventController        : Request received @/events/page/{pageNumber}/{pageSize}
2018-01-27 14:43:12.581 DEBUG inthubss-sri --- [nio-8080-exec-7] c.i.e.s.MonitoringEventService           : Performing findAll@Pageable
2018-01-27 14:44:02.343 DEBUG inthubss-sri --- [nio-8080-exec-6] c.i.e.c.MonitoringEventController        : Request received @/events/eventTime/between/{startTime}/{endTime}/
2018-01-27 14:44:02.343 DEBUG inthubss-sri --- [nio-8080-exec-6] c.i.e.s.MonitoringEventService           : Performing findAllErrors
2018-01-27 14:47:56.346 DEBUG inthubss-sri --- [nio-8080-exec-4] c.i.e.c.MonitoringEventController        : Request received @/events/eventTime/between/{startTime}/{endTime}/
2018-01-27 14:47:56.346 DEBUG inthubss-sri --- [nio-8080-exec-4] c.i.e.s.MonitoringEventService           : Performing findAllErrors
2018-01-27 14:48:26.022 DEBUG inthubss-sri --- [nio-8080-exec-3] c.i.e.c.MonitoringEventController        : Request received @/events/eventTime/between/{startTime}/{endTime}/
2018-01-27 14:48:26.022 DEBUG inthubss-sri --- [nio-8080-exec-3] c.i.e.s.MonitoringEventService           : Performing findAllErrors
2018-01-27 14:50:49.982 DEBUG inthubss-sri --- [nio-8080-exec-1] c.i.e.c.MonitoringEventController        : Request received @/events/eventTime/between/{startTime}/{endTime}/
2018-01-27 14:50:49.982 DEBUG inthubss-sri --- [nio-8080-exec-1] c.i.e.s.MonitoringEventService           : Performing findAllErrors
2018-01-27 14:51:06.727 DEBUG inthubss-sri --- [io-8080-exec-10] c.i.e.c.MonitoringEventController        : Request received @/events/eventTime/between/{startTime}/{endTime}/
2018-01-27 14:51:06.727 DEBUG inthubss-sri --- [io-8080-exec-10] c.i.e.s.MonitoringEventService           : Performing findAllErrors
